commit ca71f00c4b145140ccb729cfdc782fc02a0781c8
Merge: 1817f3a 7979007
Author: Angel Aguero <angelagueror23@gmail.com>
Date:   Tue Aug 30 13:26:34 2022 -0400

    cambio en README.MD

commit 1817f3a58822a577520f44fe92d486a91650731d
Author: Angel Aguero <angelagueror23@gmail.com>
Date:   Tue Aug 30 13:20:14 2022 -0400

    commit

commit a6ac57bdca4c8a55c18e91281001da6fd3995dcb
Author: Angel Aguero <angelagueror23@gmail.com>
Date:   Tue Aug 30 13:18:00 2022 -0400

    blockchain

commit 7979007eb68f40679bb167f3527da151932c1cc4
Author: Angel Rafael Aguero Aquino <96954909+Angel-Raa@users.noreply.github.com>
Date:   Tue Aug 30 13:16:29 2022 -0400

    Update README.md

commit 94ff7d838cfb9633558d01e53c7cbd9e02a73447
Author: Angel Aguero <angelagueror23@gmail.com>
Date:   Tue Aug 30 13:15:23 2022 -0400

    primera parte de blockchain

commit 645651c61799fda1ba0b55c48de1448b15050ced
Author: Angel Rafael Aguero Aquino <96954909+Angel-Raa@users.noreply.github.com>
Date:   Mon Aug 29 15:14:35 2022 -0400

    Update README.md

commit d58c295c0d7cf71c0cede0da566c0d932e70e79a
Author: Angel Rafael Aguero Aquino <96954909+Angel-Raa@users.noreply.github.com>
Date:   Mon Aug 29 15:01:03 2022 -0400

    Update README.md

commit 684b4682274efd05e11feacf1598c70e72390ca9
Author: Angel Rafael Aguero Aquino <96954909+Angel-Raa@users.noreply.github.com>
Date:   Mon Aug 29 15:00:41 2022 -0400

    Update README.md

commit d8de9e4f6ac71782c3989802e3739c63b1702434
Author: Angel Aguero <angelagueror23@gmail.com>
Date:   Mon Aug 29 14:56:40 2022 -0400

    Búsqueda Binaria con Python

commit ecb0ed5010aa6836cde516be61f789fdb6c7497d
Author: Angel Rafael Aguero Aquino <96954909+Angel-Raa@users.noreply.github.com>
Date:   Mon Aug 29 13:53:36 2022 -0400

    Update README.md

commit 426beb9c838340f6df9f389db8604f98dd87deca
Author: Angel Aguero <angelagueror23@gmail.com>
Date:   Mon Aug 29 13:48:35 2022 -0400

    funciones

commit 24145e16fb4f6478f7c4b202a647744889ee8312
Author: Angel Aguero <angelagueror23@gmail.com>
Date:   Mon Aug 29 13:47:26 2022 -0400

    calculadora basica

commit 51ebf3517da5e4d413895b8b8b459202eca76da4
Author: Angel Aguero <angelagueror23@gmail.com>
Date:   Mon Aug 29 12:34:27 2022 -0400

    calculadora basica

commit a1d17928b11abafa9715db55b492cd15acf1159f
Author: Angel Aguero <angelagueror23@gmail.com>
Date:   Mon Aug 29 12:33:37 2022 -0400

    carpeta src

commit 4cffb5e441e0fe4c83ac4cdc013dd89c5d01e36a
Author: Angel Aguero <angelagueror23@gmail.com>
Date:   Mon Aug 29 12:23:41 2022 -0400

    Hello

commit 5e4911865afda61b9d31cbb70858f79c60062f02
Author: Angel Aguero <angelagueror23@gmail.com>
Date:   Mon Aug 29 12:22:44 2022 -0400

    first commit
